*** Using Compiler 'V6.19', folder: 'C:\Keil_v5\ARM\ARMCLANG\Bin'
Rebuild target 'Drohne Lendl'
assembling startup_stm32h7a3xx.s...
compiling receiver.c...
compiling stm32h7xx_it.c...
compiling main.c...
compiling dshot_own.c...
compiling stm32h7xx_hal_msp.c...
compiling IMU_10DOF.c...
compiling system_stm32h7xx.c...
compiling DS2438.c...
compiling stm32h7xx_hal_rcc.c...
compiling stm32h7xx_hal_cortex.c...
compiling stm32h7xx_hal_rcc_ex.c...
compiling stm32h7xx_hal_flash.c...
compiling stm32h7xx_hal_gpio.c...
compiling stm32h7xx_hal_hsem.c...
compiling stm32h7xx_hal_flash_ex.c...
compiling stm32h7xx_hal_pwr_ex.c...
compiling stm32h7xx_hal.c...
compiling stm32h7xx_hal_mdma.c...
compiling stm32h7xx_hal_pwr.c...
compiling stm32h7xx_hal_dma_ex.c...
compiling stm32h7xx_hal_i2c_ex.c...
compiling stm32h7xx_hal_dma.c...
compiling stm32h7xx_hal_exti.c...
compiling stm32h7xx_hal_i2c.c...
compiling stm32h7xx_hal_uart_ex.c...
compiling stm32h7xx_hal_tim_ex.c...
compiling stm32h7xx_hal_uart.c...
compiling stm32h7xx_hal_tim.c...
linking...
Program Size: Code=59926 RO-data=1494 RW-data=16 ZI-data=3536  
FromELF: creating hex file...
"Drohne Lendl\Drohne Lendl.axf" - 0 Error(s), 0 Warning(s).
Build Time Elapsed:  00:00:03
